Start run build_adding_alpha_missense_scores
Start run build_adding_alpha_missense_scores
Enable newrelic True
Enabling New Relic
check point 4
['20231212-VariantAndAlphaMissenseScores.csv']
378302  variant_marker:  8_85333578_C/T  transcript_id ENST00000521846
---- end of adding data, number of case not found:  0
End run build_adding_alpha_missense_scores
End run build build_adding_alpha_missense_scores
Start run build_adding_highest_AF
Start run build_adding_highest_AF
Enable newrelic True
Enabling New Relic
check point 4
['20230506-SNV_marker_only_with_highest_AF.csv']
Object not found for Variant_marker: 3_184357242_G/A and Transcript_ID: ENST00000636658
---- end of adding data, number of case not found:  1
End run build_adding_highest_AF
End run build build_adding_highest_AF
